# JRE version: OpenJDK Runtime Environment Temurin-21.0.7+6 (21.0.7+6) (build 21.0.7+6-LTS)
# Java VM: OpenJDK 64-Bit Server VM Temurin-21.0.7+6 (21.0.7+6-LTS, mixed mode, sharing, tiered, compressed oops, compressed class ptrs, parallel gc, windows-amd64)
GC Precious Log:
 CardTable entry size: 512
 CPUs: 4 total, 4 available
 Memory: 3891M
 Large Page Support: Disabled
 NUMA Support: Disabled
 Compressed Oops: Enabled (32-bit)
 Alignments: Space 512K, Generation 512K, Heap 2M
 Heap Min Capacity: 100M
 Heap Initial Capacity: 100M
 Heap Max Capacity: 1G
 Pre-touch: Disabled
 Parallel Workers: 4
Heap:
 PSYoungGen      total 21504K, used 6057K [0x00000000eab00000, 0x00000000ec280000, 0x0000000100000000)
  eden space 19968K, 23% used [0x00000000eab00000,0x00000000eaf87420,0x00000000ebe80000)
  from space 1536K, 92% used [0x00000000ebe80000,0x00000000ebfe3120,0x00000000ec000000)
  to   space 2048K, 0% used [0x00000000ec080000,0x00000000ec080000,0x00000000ec280000)
 ParOldGen       total 68608K, used 32173K [0x00000000c0000000, 0x00000000c4300000, 0x00000000eab00000)
  object space 68608K, 46% used [0x00000000c0000000,0x00000000c1f6b498,0x00000000c4300000)
 Metaspace       used 42869K, committed 43968K, reserved 1114112K
  class space    used 4195K, committed 4672K, reserved 1048576K
GC Heap History (20 events):
Event: 31.448 GC heap before
{Heap before GC invocations=18 (full 1):
 PSYoungGen      total 23552K, used 23448K [0x00000000eab00000, 0x00000000ec500000, 0x0000000100000000)
  eden space 21504K, 100% used [0x00000000eab00000,0x00000000ec000000,0x00000000ec000000)
  from space 2048K, 94% used [0x00000000ec300000,0x00000000ec4e6200,0x00000000ec500000)
  to   space 2048K, 0% used [0x00000000ec100000,0x00000000ec100000,0x00000000ec300000)
 ParOldGen       total 68608K, used 26708K [0x00000000c0000000, 0x00000000c4300000, 0x00000000eab00000)
  object space 68608K, 38% used [0x00000000c0000000,0x00000000c1a15320,0x00000000c4300000)
 Metaspace       used 33984K, committed 34944K, reserved 1114112K
  class space    used 3377K, committed 3776K, reserved 1048576K
}
Event: 31.454 GC heap after
{Heap after GC invocations=18 (full 1):
 PSYoungGen      total 23040K, used 1396K [0x00000000eab00000, 0x00000000ec400000, 0x0000000100000000)
  eden space 21504K, 0% used [0x00000000eab00000,0x00000000eab00000,0x00000000ec000000)
  from space 1536K, 90% used [0x00000000ec100000,0x00000000ec25d3c8,0x00000000ec280000)
  to   space 1536K, 0% used [0x00000000ec280000,0x00000000ec280000,0x00000000ec400000)
 ParOldGen       total 68608K, used 28613K [0x00000000c0000000, 0x00000000c4300000, 0x00000000eab00000)
  object space 68608K, 41% used [0x00000000c0000000,0x00000000c1bf1520,0x00000000c4300000)
 Metaspace       used 33984K, committed 34944K, reserved 1114112K
  class space    used 3377K, committed 3776K, reserved 1048576K
}
Event: 31.824 GC heap before
{Heap before GC invocations=19 (full 1):
 PSYoungGen      total 23040K, used 9228K [0x00000000eab00000, 0x00000000ec400000, 0x0000000100000000)
  eden space 21504K, 36% used [0x00000000eab00000,0x00000000eb2a5d00,0x00000000ec000000)
  from space 1536K, 90% used [0x00000000ec100000,0x00000000ec25d3c8,0x00000000ec280000)
  to   space 1536K, 0% used [0x00000000ec280000,0x00000000ec280000,0x00000000ec400000)
 ParOldGen       total 68608K, used 28613K [0x00000000c0000000, 0x00000000c4300000, 0x00000000eab00000)
  object space 68608K, 41% used [0x00000000c0000000,0x00000000c1bf1520,0x00000000c4300000)
 Metaspace       used 34859K, committed 35840K, reserved 1114112K
  class space    used 3453K, committed 3904K, reserved 1048576K
}
Event: 31.827 GC heap after
{Heap after GC invocations=19 (full 1):
 PSYoungGen      total 22016K, used 224K [0x00000000eab00000, 0x00000000ec300000, 0x0000000100000000)
  eden space 21504K, 0% used [0x00000000eab00000,0x00000000eab00000,0x00000000ec000000)
  from space 512K, 43% used [0x00000000ec280000,0x00000000ec2b8010,0x00000000ec300000)
  to   space 1024K, 0% used [0x00000000ec100000,0x00000000ec100000,0x00000000ec200000)
 ParOldGen       total 68608K, used 29945K [0x00000000c0000000, 0x00000000c4300000, 0x00000000eab00000)
  object space 68608K, 43% used [0x00000000c0000000,0x00000000c1d3e778,0x00000000c4300000)
 Metaspace       used 34859K, committed 35840K, reserved 1114112K
  class space    used 3453K, committed 3904K, reserved 1048576K
}
Event: 31.827 GC heap before
{Heap before GC invocations=20 (full 2):
 PSYoungGen      total 22016K, used 224K [0x00000000eab00000, 0x00000000ec300000, 0x0000000100000000)
  eden space 21504K, 0% used [0x00000000eab00000,0x00000000eab00000,0x00000000ec000000)
  from space 512K, 43% used [0x00000000ec280000,0x00000000ec2b8010,0x00000000ec300000)
  to   space 1024K, 0% used [0x00000000ec100000,0x00000000ec100000,0x00000000ec200000)
 ParOldGen       total 68608K, used 29945K [0x00000000c0000000, 0x00000000c4300000, 0x00000000eab00000)
  object space 68608K, 43% used [0x00000000c0000000,0x00000000c1d3e778,0x00000000c4300000)
 Metaspace       used 34859K, committed 35840K, reserved 1114112K
  class space    used 3453K, committed 3904K, reserved 1048576K
}
Event: 31.915 GC heap after
{Heap after GC invocations=20 (full 2):
 PSYoungGen      total 22016K, used 0K [0x00000000eab00000, 0x00000000ec300000, 0x0000000100000000)
  eden space 21504K, 0% used [0x00000000eab00000,0x00000000eab00000,0x00000000ec000000)
  from space 512K, 0% used [0x00000000ec280000,0x00000000ec280000,0x00000000ec300000)
  to   space 1024K, 0% used [0x00000000ec100000,0x00000000ec100000,0x00000000ec200000)
 ParOldGen       total 68608K, used 28511K [0x00000000c0000000, 0x00000000c4300000, 0x00000000eab00000)
  object space 68608K, 41% used [0x00000000c0000000,0x00000000c1bd7f40,0x00000000c4300000)
 Metaspace       used 34789K, committed 35840K, reserved 1114112K
  class space    used 3434K, committed 3904K, reserved 1048576K
}
Event: 33.669 GC heap before
{Heap before GC invocations=21 (full 2):
 PSYoungGen      total 22016K, used 21504K [0x00000000eab00000, 0x00000000ec300000, 0x0000000100000000)
  eden space 21504K, 100% used [0x00000000eab00000,0x00000000ec000000,0x00000000ec000000)
  from space 512K, 0% used [0x00000000ec280000,0x00000000ec280000,0x00000000ec300000)
  to   space 1024K, 0% used [0x00000000ec100000,0x00000000ec100000,0x00000000ec200000)
 ParOldGen       total 68608K, used 28511K [0x00000000c0000000, 0x00000000c4300000, 0x00000000eab00000)
  object space 68608K, 41% used [0x00000000c0000000,0x00000000c1bd7f40,0x00000000c4300000)
 Metaspace       used 35855K, committed 36864K, reserved 1114112K
  class space    used 3557K, committed 3968K, reserved 1048576K
}
Event: 33.670 GC heap after
{Heap after GC invocations=21 (full 2):
 PSYoungGen      total 22528K, used 384K [0x00000000eab00000, 0x00000000ec300000, 0x0000000100000000)
  eden space 21504K, 0% used [0x00000000eab00000,0x00000000eab00000,0x00000000ec000000)
  from space 1024K, 37% used [0x00000000ec100000,0x00000000ec160000,0x00000000ec200000)
  to   space 512K, 0% used [0x00000000ec280000,0x00000000ec280000,0x00000000ec300000)
 ParOldGen       total 68608K, used 28519K [0x00000000c0000000, 0x00000000c4300000, 0x00000000eab00000)
  object space 68608K, 41% used [0x00000000c0000000,0x00000000c1bd9f40,0x00000000c4300000)
 Metaspace       used 35855K, committed 36864K, reserved 1114112K
  class space    used 3557K, committed 3968K, reserved 1048576K
}
Event: 34.280 GC heap before
{Heap before GC invocations=22 (full 2):
 PSYoungGen      total 22528K, used 21888K [0x00000000eab00000, 0x00000000ec300000, 0x0000000100000000)
  eden space 21504K, 100% used [0x00000000eab00000,0x00000000ec000000,0x00000000ec000000)
  from space 1024K, 37% used [0x00000000ec100000,0x00000000ec160000,0x00000000ec200000)
  to   space 512K, 0% used [0x00000000ec280000,0x00000000ec280000,0x00000000ec300000)
 ParOldGen       total 68608K, used 28519K [0x00000000c0000000, 0x00000000c4300000, 0x00000000eab00000)
  object space 68608K, 41% used [0x00000000c0000000,0x00000000c1bd9f40,0x00000000c4300000)
 Metaspace       used 37067K, committed 38080K, reserved 1114112K
  class space    used 3652K, committed 4096K, reserved 1048576K
}
Event: 34.288 GC heap after
{Heap after GC invocations=22 (full 2):
 PSYoungGen      total 22016K, used 495K [0x00000000eab00000, 0x00000000ec400000, 0x0000000100000000)
  eden space 21504K, 0% used [0x00000000eab00000,0x00000000eab00000,0x00000000ec000000)
  from space 512K, 96% used [0x00000000ec280000,0x00000000ec2fbf20,0x00000000ec300000)
  to   space 2048K, 0% used [0x00000000ec000000,0x00000000ec000000,0x00000000ec200000)
 ParOldGen       total 68608K, used 29616K [0x00000000c0000000, 0x00000000c4300000, 0x00000000eab00000)
  object space 68608K, 43% used [0x00000000c0000000,0x00000000c1cec200,0x00000000c4300000)
 Metaspace       used 37067K, committed 38080K, reserved 1114112K
  class space    used 3652K, committed 4096K, reserved 1048576K
}
Event: 34.618 GC heap before
{Heap before GC invocations=23 (full 2):
 PSYoungGen      total 22016K, used 21999K [0x00000000eab00000, 0x00000000ec400000, 0x0000000100000000)
  eden space 21504K, 100% used [0x00000000eab00000,0x00000000ec000000,0x00000000ec000000)
  from space 512K, 96% used [0x00000000ec280000,0x00000000ec2fbf20,0x00000000ec300000)
  to   space 2048K, 0% used [0x00000000ec000000,0x00000000ec000000,0x00000000ec200000)
 ParOldGen       total 68608K, used 29616K [0x00000000c0000000, 0x00000000c4300000, 0x00000000eab00000)
  object space 68608K, 43% used [0x00000000c0000000,0x00000000c1cec200,0x00000000c4300000)
 Metaspace       used 37212K, committed 38208K, reserved 1114112K
  class space    used 3661K, committed 4096K, reserved 1048576K
}
Event: 34.619 GC heap after
{Heap after GC invocations=23 (full 2):
 PSYoungGen      total 23040K, used 1033K [0x00000000eab00000, 0x00000000ec300000, 0x0000000100000000)
  eden space 21504K, 0% used [0x00000000eab00000,0x00000000eab00000,0x00000000ec000000)
  from space 1536K, 67% used [0x00000000ec000000,0x00000000ec1027a0,0x00000000ec180000)
  to   space 1536K, 0% used [0x00000000ec180000,0x00000000ec180000,0x00000000ec300000)
 ParOldGen       total 68608K, used 29926K [0x00000000c0000000, 0x00000000c4300000, 0x00000000eab00000)
  object space 68608K, 43% used [0x00000000c0000000,0x00000000c1d39ba0,0x00000000c4300000)
 Metaspace       used 37212K, committed 38208K, reserved 1114112K
  class space    used 3661K, committed 4096K, reserved 1048576K
}
Event: 36.471 GC heap before
{Heap before GC invocations=24 (full 2):
 PSYoungGen      total 23040K, used 22537K [0x00000000eab00000, 0x00000000ec300000, 0x0000000100000000)
  eden space 21504K, 100% used [0x00000000eab00000,0x00000000ec000000,0x00000000ec000000)
  from space 1536K, 67% used [0x00000000ec000000,0x00000000ec1027a0,0x00000000ec180000)
  to   space 1536K, 0% used [0x00000000ec180000,0x00000000ec180000,0x00000000ec300000)
 ParOldGen       total 68608K, used 29926K [0x00000000c0000000, 0x00000000c4300000, 0x00000000eab00000)
  object space 68608K, 43% used [0x00000000c0000000,0x00000000c1d39ba0,0x00000000c4300000)
 Metaspace       used 39892K, committed 40896K, reserved 1114112K
  class space    used 3954K, committed 4352K, reserved 1048576K
}
Event: 36.475 GC heap after
{Heap after GC invocations=24 (full 2):
 PSYoungGen      total 23040K, used 1120K [0x00000000eab00000, 0x00000000ec300000, 0x0000000100000000)
  eden space 21504K, 0% used [0x00000000eab00000,0x00000000eab00000,0x00000000ec000000)
  from space 1536K, 72% used [0x00000000ec180000,0x00000000ec298020,0x00000000ec300000)
  to   space 1536K, 0% used [0x00000000ec000000,0x00000000ec000000,0x00000000ec180000)
 ParOldGen       total 68608K, used 29982K [0x00000000c0000000, 0x00000000c4300000, 0x00000000eab00000)
  object space 68608K, 43% used [0x00000000c0000000,0x00000000c1d47ba0,0x00000000c4300000)
 Metaspace       used 39892K, committed 40896K, reserved 1114112K
  class space    used 3954K, committed 4352K, reserved 1048576K
}
Event: 38.113 GC heap before
{Heap before GC invocations=25 (full 2):
 PSYoungGen      total 23040K, used 22624K [0x00000000eab00000, 0x00000000ec300000, 0x0000000100000000)
  eden space 21504K, 100% used [0x00000000eab00000,0x00000000ec000000,0x00000000ec000000)
  from space 1536K, 72% used [0x00000000ec180000,0x00000000ec298020,0x00000000ec300000)
  to   space 1536K, 0% used [0x00000000ec000000,0x00000000ec000000,0x00000000ec180000)
 ParOldGen       total 68608K, used 29982K [0x00000000c0000000, 0x00000000c4300000, 0x00000000eab00000)
  object space 68608K, 43% used [0x00000000c0000000,0x00000000c1d47ba0,0x00000000c4300000)
 Metaspace       used 40913K, committed 41984K, reserved 1114112K
  class space    used 4063K, committed 4544K, reserved 1048576K
}
Event: 38.116 GC heap after
{Heap after GC invocations=25 (full 2):
 PSYoungGen      total 22528K, used 953K [0x00000000eab00000, 0x00000000ec200000, 0x0000000100000000)
  eden space 21504K, 0% used [0x00000000eab00000,0x00000000eab00000,0x00000000ec000000)
  from space 1024K, 93% used [0x00000000ec000000,0x00000000ec0ee490,0x00000000ec100000)
  to   space 1024K, 0% used [0x00000000ec100000,0x00000000ec100000,0x00000000ec200000)
 ParOldGen       total 68608K, used 30939K [0x00000000c0000000, 0x00000000c4300000, 0x00000000eab00000)
  object space 68608K, 45% used [0x00000000c0000000,0x00000000c1e36f30,0x00000000c4300000)
 Metaspace       used 40913K, committed 41984K, reserved 1114112K
  class space    used 4063K, committed 4544K, reserved 1048576K
}
Event: 38.464 GC heap before
{Heap before GC invocations=26 (full 2):
 PSYoungGen      total 22528K, used 22457K [0x00000000eab00000, 0x00000000ec200000, 0x0000000100000000)
  eden space 21504K, 100% used [0x00000000eab00000,0x00000000ec000000,0x00000000ec000000)
  from space 1024K, 93% used [0x00000000ec000000,0x00000000ec0ee490,0x00000000ec100000)
  to   space 1024K, 0% used [0x00000000ec100000,0x00000000ec100000,0x00000000ec200000)
 ParOldGen       total 68608K, used 30939K [0x00000000c0000000, 0x00000000c4300000, 0x00000000eab00000)
  object space 68608K, 45% used [0x00000000c0000000,0x00000000c1e36f30,0x00000000c4300000)
 Metaspace       used 41113K, committed 42176K, reserved 1114112K
  class space    used 4074K, committed 4544K, reserved 1048576K
}
Event: 38.468 GC heap after
{Heap after GC invocations=26 (full 2):
 PSYoungGen      total 20992K, used 1024K [0x00000000eab00000, 0x00000000ec500000, 0x0000000100000000)
  eden space 19968K, 0% used [0x00000000eab00000,0x00000000eab00000,0x00000000ebe80000)
  from space 1024K, 100% used [0x00000000ec100000,0x00000000ec200000,0x00000000ec200000)
  to   space 2560K, 0% used [0x00000000ebe80000,0x00000000ebe80000,0x00000000ec100000)
 ParOldGen       total 68608K, used 31813K [0x00000000c0000000, 0x00000000c4300000, 0x00000000eab00000)
  object space 68608K, 46% used [0x00000000c0000000,0x00000000c1f11438,0x00000000c4300000)
 Metaspace       used 41113K, committed 42176K, reserved 1114112K
  class space    used 4074K, committed 4544K, reserved 1048576K
}
Event: 40.632 GC heap before
{Heap before GC invocations=27 (full 2):
 PSYoungGen      total 20992K, used 20992K [0x00000000eab00000, 0x00000000ec500000, 0x0000000100000000)
  eden space 19968K, 100% used [0x00000000eab00000,0x00000000ebe80000,0x00000000ebe80000)
  from space 1024K, 100% used [0x00000000ec100000,0x00000000ec200000,0x00000000ec200000)
  to   space 2560K, 0% used [0x00000000ebe80000,0x00000000ebe80000,0x00000000ec100000)
 ParOldGen       total 68608K, used 31813K [0x00000000c0000000, 0x00000000c4300000, 0x00000000eab00000)
  object space 68608K, 46% used [0x00000000c0000000,0x00000000c1f11438,0x00000000c4300000)
 Metaspace       used 42387K, committed 43456K, reserved 1114112K
  class space    used 4151K, committed 4608K, reserved 1048576K
}
Event: 40.639 GC heap after
{Heap after GC invocations=27 (full 2):
 PSYoungGen      total 21504K, used 1420K [0x00000000eab00000, 0x00000000ec280000, 0x0000000100000000)
  eden space 19968K, 0% used [0x00000000eab00000,0x00000000eab00000,0x00000000ebe80000)
  from space 1536K, 92% used [0x00000000ebe80000,0x00000000ebfe3120,0x00000000ec000000)
  to   space 2048K, 0% used [0x00000000ec080000,0x00000000ec080000,0x00000000ec280000)
 ParOldGen       total 68608K, used 32173K [0x00000000c0000000, 0x00000000c4300000, 0x00000000eab00000)
  object space 68608K, 46% used [0x00000000c0000000,0x00000000c1f6b498,0x00000000c4300000)
 Metaspace       used 42387K, committed 43456K, reserved 1114112K
  class space    used 4151K, committed 4608K, reserved 1048576K
}

